<?xml version="1.0" encoding="UTF-8"?>
<!-- Generated by org.testng.reporters.JUnitReportReporter -->
<testsuite skipped="0" hostname="DESKTOP-RDKVEKK" name="com.k2js.excellearning.practice.ExcelReadWrite" tests="2" failures="0" timestamp="05 Nov 2017 03:48:27 GMT" time="0.032" errors="0">
  <testcase name="verifyRegistrationProcess" time="0.000" classname="com.k2js.excellearning.practice.ExcelReadWrite"/>
  <testcase name="verifyRegistrationProcess" time="0.032" classname="com.k2js.excellearning.practice.ExcelReadWrite"/>
</testsuite> <!-- com.k2js.excellearning.practice.ExcelReadWrite -->
